Asset Manager module is available
Enabled modules: none
Using PostgreSQL database storage
Using PostgreSQL database storage
Core routes registered successfully
Loading system module: tenants...
Initializing Tenants module...
Tenants module loaded successfully
Loading system module: featureFlags...
Initializing Feature Flags module...
Feature Flags module loaded successfully
Loading system module: modules...
Initializing Modules service...
Modules service initialized successfully
Loading system module: organizations...
Initializing Organizations module...
Organizations module loaded successfully
Loading system module: admin...
Initializing Admin module...
Admin module loaded successfully
Loading assetManager module...
Asset Manager module loaded successfully
Loading facilityManagement module...
Initializing Facility Management module...
Facility Management module loaded successfully
Loading calendar module...
Calendar module loaded successfully
node:events:485
      throw er; // Unhandled 'error' event
      ^

Error: listen ENOTSUP: operation not supported on socket 0.0.0.0:3000
    at Server.setupListenHandle [as _listen2] (node:net:1917:21)
    at listenInCluster (node:net:1996:12)
    at node:net:2205:7
    at process.processTicksAndRejections (node:internal/process/task_queues:90:21)
Emitted 'error' event on WebSocketServer instance at:
    at Server.emit (node:events:507:28)
    at emitErrorNT (node:net:1975:8)
    at process.processTicksAndRejections (node:internal/process/task_queues:90:21) {
  code: 'ENOTSUP',
  errno: -45,
  syscall: 'listen',
  address: '0.0.0.0',
  port: 3000
}

Node.js v24.1.0
